<?xml version="1.0" encoding="UTF-8"?>
<testsuite name="TestSuite" tests="0" failures="0" errors="0" skipped="0" time="0.000" timestamp="2025-03-08T16:15:51">
</testsuite>